c:\users\arauj\documents\fanshawe\myprojects\graphics_project1\firstopengl\release\vc141.pdb
c:\users\arauj\documents\fanshawe\myprojects\graphics_project1\firstopengl\release\utilities.obj
c:\users\arauj\documents\fanshawe\myprojects\graphics_project1\firstopengl\release\themain.obj
c:\users\arauj\documents\fanshawe\myprojects\graphics_project1\firstopengl\release\physics.obj
c:\users\arauj\documents\fanshawe\myprojects\graphics_project1\firstopengl\release\cvaomeshmanager.obj
c:\users\arauj\documents\fanshawe\myprojects\graphics_project1\firstopengl\release\modelutilities.obj
c:\users\arauj\documents\fanshawe\myprojects\graphics_project1\firstopengl\release\cvertex_xyz_rgb.obj
c:\users\arauj\documents\fanshawe\myprojects\graphics_project1\firstopengl\release\ctriangle.obj
c:\users\arauj\documents\fanshawe\myprojects\graphics_project1\firstopengl\release\cshadermanager.obj
c:\users\arauj\documents\fanshawe\myprojects\graphics_project1\firstopengl\release\cshader.obj
c:\users\arauj\documents\fanshawe\myprojects\graphics_project1\firstopengl\release\cmesh.obj
c:\users\arauj\documents\fanshawe\myprojects\graphics_project1\firstopengl\release\clightmanager.obj
c:\users\arauj\documents\fanshawe\myprojects\graphics_project1\firstopengl\release\cgameobject.obj
c:\users\arauj\documents\fanshawe\myprojects\graphics_project1\firstopengl\release\glad.obj
c:\users\arauj\documents\fanshawe\myprojects\graphics_project1\release\firstopengl.ipdb
c:\users\arauj\documents\fanshawe\myprojects\graphics_project1\release\firstopengl.iobj
c:\users\arauj\documents\fanshawe\myprojects\graphics_project1\release\firstopengl.exe
c:\users\arauj\documents\fanshawe\myprojects\graphics_project1\release\firstopengl.pdb
c:\users\arauj\documents\fanshawe\myprojects\graphics_project1\firstopengl\release\firstopengl.tlog\cl.command.1.tlog
c:\users\arauj\documents\fanshawe\myprojects\graphics_project1\firstopengl\release\firstopengl.tlog\cl.read.1.tlog
c:\users\arauj\documents\fanshawe\myprojects\graphics_project1\firstopengl\release\firstopengl.tlog\cl.write.1.tlog
c:\users\arauj\documents\fanshawe\myprojects\graphics_project1\firstopengl\release\firstopengl.tlog\firstopengl.write.1u.tlog
c:\users\arauj\documents\fanshawe\myprojects\graphics_project1\firstopengl\release\firstopengl.tlog\link.command.1.tlog
c:\users\arauj\documents\fanshawe\myprojects\graphics_project1\firstopengl\release\firstopengl.tlog\link.read.1.tlog
c:\users\arauj\documents\fanshawe\myprojects\graphics_project1\firstopengl\release\firstopengl.tlog\link.write.1.tlog
